#
# There is insufficient memory for the Java Runtime Environment to continue.
# Native memory allocation (mmap) failed to map 448790528 bytes for G1 virtual space
# Possible reasons:
#   The system is out of physical RAM or swap space
#   The process is running with CompressedOops enabled, and the Java Heap may be blocking the growth of the native heap
# Possible solutions:
#   Reduce memory load on the system
#   Increase physical memory or swap space
#   Check if swap backing store is full
#   Decrease Java heap size (-Xmx/-Xms)
#   Decrease number of Java threads
#   Decrease Java thread stack sizes (-Xss)
#   Set larger code cache with -XX:ReservedCodeCacheSize=
#   JVM is running with Zero Based Compressed Oops mode in which the Java heap is
#     placed in the first 32GB address space. The Java Heap base address is the
#     maximum limit for the native heap growth. Please use -XX:HeapBaseMinAddress
#     to set the Java Heap base and to place the Java Heap above 32GB virtual address.
# This output file may be truncated or incomplete.
#
#  Out of Memory Error (os_windows.cpp:3535), pid=7144, tid=20676
#
# JRE version: OpenJDK Runtime Environment Temurin-17.0.3+7 (17.0.3+7) (build 17.0.3+7)
# Java VM: OpenJDK 64-Bit Server VM Temurin-17.0.3+7 (17.0.3+7, mixed mode, emulated-client, tiered, compressed oops, compressed class ptrs, g1 gc, windows-amd64)
# No core dump will be written. Minidumps are not enabled by default on client versions of Windows
#

---------------  S U M M A R Y ------------

Command Line: --add-modules=ALL-SYSTEM --add-exports=jdk.compiler/com.sun.tools.javac.file=ALL-UNNAMED --add-exports=jdk.compiler/com.sun.tools.javac.util=ALL-UNNAMED --add-exports=jdk.compiler/com.sun.tools.javac.comp=ALL-UNNAMED --add-exports=jdk.compiler/com.sun.tools.javac.main=ALL-UNNAMED --add-exports=jdk.compiler/com.sun.tools.javac.tree=ALL-UNNAMED --add-exports=jdk.compiler/com.sun.tools.javac.code=ALL-UNNAMED -Dsts.lsp.client=vscode -Dsts.log.file=/dev/null -XX:TieredStopAtLevel=1 -Dspring.config.location=file:c:\Users\ayman\.vscode\extensions\pivotal.vscode-spring-boot-1.36.0\language-server\BOOT-INF\classes\application.properties org.springframework.ide.vscode.boot.app.BootLanguageServerBootApp

Host: Intel(R) Core(TM) i5-9300H CPU @ 2.40GHz, 8 cores, 23G,  Windows 10 , 64 bit Build 19041 (10.0.19041.804)
Time: Fri Jul  1 12:58:20 2022 Egypt Standard Time elapsed time: 5.015852 seconds (0d 0h 0m 5s)

---------------  T H R E A D  ---------------

Current thread (0x0000018d6ec0a6c0):  VMThread "VM Thread" [stack: 0x0000006869c00000,0x0000006869d00000] [id=20676]

Stack: [0x0000006869c00000,0x0000006869d00000]
Native frames: (J=compiled Java code, j=interpreted, Vv=VM code, C=native code)
V  [jvm.dll+0x675efa]
V  [jvm.dll+0x830a24]
V  [jvm.dll+0x8321ce]
V  [jvm.dll+0x832833]
V  [jvm.dll+0x2454b5]
V  [jvm.dll+0x672de9]
V  [jvm.dll+0x667732]
V  [jvm.dll+0x3043ab]
V  [jvm.dll+0x30b8f6]
V  [jvm.dll+0x35b62e]
V  [jvm.dll+0x35b85f]
V  [jvm.dll+0x2db248]
V  [jvm.dll+0x2d94fc]
V  [jvm.dll+0x2d8acc]
V  [jvm.dll+0x31ca2b]
V  [jvm.dll+0x836cdb]
V  [jvm.dll+0x837a14]
V  [jvm.dll+0x837f2c]
V  [jvm.dll+0x838304]
V  [jvm.dll+0x8383d0]
V  [jvm.dll+0x7e0cfa]
V  [jvm.dll+0x674d85]
C  [ucrtbase.dll+0x21bb2]
C  [KERNEL32.DLL+0x17034]
C  [ntdll.dll+0x4d241]

VM_Operation (0x000000686b7fe690): G1CollectForAllocation, mode: safepoint, requested by thread 0x0000018d701df820


---------------  P R O C E S S  ---------------

Threads class SMR info:
_java_thread_list=0x0000018d6fd51a10, length=35, elements={
0x0000018d6e0727d0, 0x0000018d6ec2d3f0, 0x0000018d6ec3e970, 0x0000018d6ec3f4f0,
0x0000018d6ec40070, 0x0000018d6ec40930, 0x0000018d6ec6f030, 0x0000018d6ec793c0,
0x0000018d6ed3afe0, 0x0000018d6ee5f840, 0x0000018d6eeb3350, 0x0000018d6f3d79c0,
0x0000018d6f886640, 0x0000018d7009b830, 0x0000018d701bb980, 0x0000018d701bc440,
0x0000018d701bbe50, 0x0000018d701df820, 0x0000018d701e1110, 0x0000018d701e15e0,
0x0000018d701e1fd0, 0x0000018d701e1ab0, 0x0000018d701e3510, 0x0000018d701e6ed0,
0x0000018d701e6a00, 0x0000018d701e3eb0, 0x0000018d701e6530, 0x0000018d701e39e0,
0x0000018d701e4850, 0x0000018d701e4380, 0x0000018d701e4d20, 0x0000018d701e51f0,
0x0000018d701e6060, 0x0000018d701e56c0, 0x0000018d701e5b90
}

Java Threads: ( => current thread )
  0x0000018d6e0727d0 JavaThread "Reference Handler" daemon [_thread_blocked, id=15620, stack(0x0000006869d00000,0x0000006869e00000)]
  0x0000018d6ec2d3f0 JavaThread "Finalizer" daemon [_thread_blocked, id=19904, stack(0x0000006869e00000,0x0000006869f00000)]
  0x0000018d6ec3e970 JavaThread "Signal Dispatcher" daemon [_thread_blocked, id=5832, stack(0x0000006869f00000,0x000000686a000000)]
  0x0000018d6ec3f4f0 JavaThread "Attach Listener" daemon [_thread_blocked, id=7440, stack(0x000000686a000000,0x000000686a100000)]
  0x0000018d6ec40070 JavaThread "Service Thread" daemon [_thread_blocked, id=25464, stack(0x000000686a100000,0x000000686a200000)]
  0x0000018d6ec40930 JavaThread "Monitor Deflation Thread" daemon [_thread_blocked, id=7308, stack(0x000000686a200000,0x000000686a300000)]
  0x0000018d6ec6f030 JavaThread "C1 CompilerThread0" daemon [_thread_blocked, id=21160, stack(0x000000686a300000,0x000000686a400000)]
  0x0000018d6ec793c0 JavaThread "Sweeper thread" daemon [_thread_blocked, id=24908, stack(0x000000686a400000,0x000000686a500000)]
  0x0000018d6ed3afe0 JavaThread "C1 CompilerThread1" daemon [_thread_blocked, id=24056, stack(0x000000686a500000,0x000000686a600000)]
  0x0000018d6ee5f840 JavaThread "Common-Cleaner" daemon [_thread_blocked, id=25808, stack(0x000000686a600000,0x000000686a700000)]
  0x0000018d6eeb3350 JavaThread "Notification Thread" daemon [_thread_blocked, id=27872, stack(0x000000686a700000,0x000000686a800000)]
  0x0000018d6f3d79c0 JavaThread "C1 CompilerThread2" daemon [_thread_blocked, id=24976, stack(0x000000686a900000,0x000000686aa00000)]
  0x0000018d6f886640 JavaThread "C1 CompilerThread3" daemon [_thread_blocked, id=28112, stack(0x000000686b100000,0x000000686b200000)]
  0x0000018d7009b830 JavaThread "ForkJoinPool.commonPool-worker-1" daemon [_thread_blocked, id=17492, stack(0x000000686b200000,0x000000686b300000)]
  0x0000018d701bb980 JavaThread "ClassGraph-worker-0" daemon [_thread_blocked, id=13520, stack(0x000000686b400000,0x000000686b500000)]
  0x0000018d701bc440 JavaThread "ClassGraph-worker-1" daemon [_thread_blocked, id=11532, stack(0x000000686b500000,0x000000686b600000)]
  0x0000018d701bbe50 JavaThread "ClassGraph-worker-2" daemon [_thread_blocked, id=25588, stack(0x000000686b600000,0x000000686b700000)]
  0x0000018d701df820 JavaThread "ClassGraph-worker-3" daemon [_thread_blocked, id=28680, stack(0x000000686b700000,0x000000686b800000)]
  0x0000018d701e1110 JavaThread "ClassGraph-worker-4" daemon [_thread_blocked, id=12416, stack(0x000000686b800000,0x000000686b900000)]
  0x0000018d701e15e0 JavaThread "ClassGraph-worker-5" daemon [_thread_blocked, id=17988, stack(0x000000686b900000,0x000000686ba00000)]
  0x0000018d701e1fd0 JavaThread "ClassGraph-worker-6" daemon [_thread_blocked, id=17312, stack(0x000000686ba00000,0x000000686bb00000)]
  0x0000018d701e1ab0 JavaThread "ClassGraph-worker-7" daemon [_thread_blocked, id=26524, stack(0x000000686bb00000,0x000000686bc00000)]
  0x0000018d701e3510 JavaThread "ClassGraph-worker-8" daemon [_thread_blocked, id=16152, stack(0x000000686bc00000,0x000000686bd00000)]
  0x0000018d701e6ed0 JavaThread "ClassGraph-worker-9" daemon [_thread_blocked, id=21796, stack(0x000000686bd00000,0x000000686be00000)]
  0x0000018d701e6a00 JavaThread "ClassGraph-worker-10" daemon [_thread_blocked, id=9056, stack(0x000000686be00000,0x000000686bf00000)]
  0x0000018d701e3eb0 JavaThread "ClassGraph-worker-11" daemon [_thread_blocked, id=4920, stack(0x000000686bf00000,0x000000686c000000)]
  0x0000018d701e6530 JavaThread "ClassGraph-worker-12" daemon [_thread_blocked, id=19812, stack(0x000000686c000000,0x000000686c100000)]
  0x0000018d701e39e0 JavaThread "ClassGraph-worker-13" daemon [_thread_blocked, id=10968, stack(0x000000686c100000,0x000000686c200000)]
  0x0000018d701e4850 JavaThread "pool-7-thread-1" [_thread_blocked, id=17060, stack(0x000000686c200000,0x000000686c300000)]
  0x0000018d701e4380 JavaThread "LanguageServerApp-lifecycle" [_thread_blocked, id=26884, stack(0x000000686c300000,0x000000686c400000)]
  0x0000018d701e4d20 JavaThread "DestroyJavaVM" [_thread_blocked, id=9848, stack(0x0000006869600000,0x0000006869700000)]
  0x0000018d701e51f0 JavaThread "pool-8-thread-1" [_thread_in_native, id=28948, stack(0x000000686c400000,0x000000686c500000)]
  0x0000018d701e6060 JavaThread "Simple-Language-Server main thread" daemon [_thread_blocked, id=11520, stack(0x000000686c500000,0x000000686c600000)]
  0x0000018d701e56c0 JavaThread "parallel-1" daemon [_thread_blocked, id=5828, stack(0x000000686c600000,0x000000686c700000)]
  0x0000018d701e5b90 JavaThread "pool-3-thread-1" [_thread_blocked, id=12232, stack(0x000000686c700000,0x000000686c800000)]

Other Threads:
=>0x0000018d6ec0a6c0 VMThread "VM Thread" [stack: 0x0000006869c00000,0x0000006869d00000] [id=20676]
  0x0000018d6eec3840 WatcherThread [stack: 0x000000686a800000,0x000000686a900000] [id=11356]
  0x0000018d575e6880 GCTaskThread "GC Thread#0" [stack: 0x0000006869700000,0x0000006869800000] [id=17540]
  0x0000018d6f7f9150 GCTaskThread "GC Thread#1" [stack: 0x000000686aa00000,0x000000686ab00000] [id=11792]
  0x0000018d6f7d9f10 GCTaskThread "GC Thread#2" [stack: 0x000000686ab00000,0x000000686ac00000] [id=13276]
  0x0000018d6f7da1c0 GCTaskThread "GC Thread#3" [stack: 0x000000686ac00000,0x000000686ad00000] [id=27624]
  0x0000018d6f7da470 GCTaskThread "GC Thread#4" [stack: 0x000000686ad00000,0x000000686ae00000] [id=16116]
  0x0000018d6f8780d0 GCTaskThread "GC Thread#5" [stack: 0x000000686ae00000,0x000000686af00000] [id=27164]
  0x0000018d6f8795d0 GCTaskThread "GC Thread#6" [stack: 0x000000686af00000,0x000000686b000000] [id=18772]
  0x0000018d6f879880 GCTaskThread "GC Thread#7" [stack: 0x000000686b000000,0x000000686b100000] [id=7300]
  0x0000018d575f35a0 ConcurrentGCThread "G1 Main Marker" [stack: 0x0000006869800000,0x0000006869900000] [id=26456]
  0x0000018d575f3ec0 ConcurrentGCThread "G1 Conc#0" [stack: 0x0000006869900000,0x0000006869a00000] [id=24064]
  0x0000018d6fc95740 ConcurrentGCThread "G1 Conc#1" [stack: 0x000000686b300000,0x000000686b400000] [id=28000]
  0x0000018d5762e8a0 ConcurrentGCThread "G1 Refine#0" [stack: 0x0000006869a00000,0x0000006869b00000] [id=26844]
  0x0000018d7275a270 ConcurrentGCThread "G1 Refine#1" [stack: 0x000000686c800000,0x000000686c900000] [id=23840]
  0x0000018d72727d90 ConcurrentGCThread "G1 Refine#2" [stack: 0x000000686c900000,0x000000686ca00000] [id=24784]
  0x0000018d6df1e3a0 ConcurrentGCThread "G1 Service" [stack: 0x0000006869b00000,0x0000006869c00000] [id=27108]

Threads with active compile tasks:

VM state: at safepoint (normal execution)

VM Mutex/Monitor currently owned by a thread:  ([mutex/lock_event])
[0x0000018d57556de0] Threads_lock - owner thread: 0x0000018d6ec0a6c0
[0x0000018d57556210] Heap_lock - owner thread: 0x0000018d701df820

Heap address: 0x0000000682400000, size: 6108 MB, Compressed Oops mode: Zero based, Oop shift amount: 3

CDS archive(s) not mapped
Compressed class space mapped at: 0x0000000800000000-0x0000000840000000, reserved size: 1073741824
Narrow klass base: 0x0000000800000000, Narrow klass shift: 0, Narrow klass range: 0x40000000

GC Precious Log:
 CPUs: 8 total, 8 available
 Memory: 24420M
 Large Page Support: Disabled
 NUMA Support: Disabled
 Compressed Oops: Enabled (Zero based)
 Heap Region Size: 4M
 Heap Min Capacity: 8M
 Heap Initial Capacity: 384M
 Heap Max Capacity: 6108M
 Pre-touch: Disabled
 Parallel Workers: 8
 Concurrent Workers: 2
 Concurrent Refinement Workers: 8
 Periodic GC: Disabled

Heap:
 garbage-first heap   total 487424K, used 111891K [0x0000000682400000, 0x0000000800000000)
  region size 4096K, 7 young (28672K), 7 survivors (28672K)
 Metaspace       used 36564K, committed 36864K, reserved 1081344K
  class space    used 4608K, committed 4736K, reserved 1048576K

Heap Regions: E=young(eden), S=young(survivor), O=old, HS=humongous(starts), HC=humongous(continues), CS=collection set, F=free, OA=open archive, CA=closed archive, TAMS=top-at-mark-start (previous, next)
|   0|0x0000000682400000, 0x0000000682800000, 0x0000000682800000|100%| O|  |TAMS 0x0000000682800000, 0x0000000682400000| Untracked 
|   1|0x0000000682800000, 0x0000000682c00000, 0x0000000682c00000|100%| O|  |TAMS 0x0000000682c00000, 0x0000000682800000| Untracked 
|   2|0x0000000682c00000, 0x0000000683000000, 0x0000000683000000|100%| O|  |TAMS 0x0000000683000000, 0x0000000682c00000| Untracked 
|   3|0x0000000683000000, 0x0000000683400000, 0x0000000683400000|100%| O|  |TAMS 0x0000000683400000, 0x0000000683000000| Untracked 
|   4|0x0000000683400000, 0x0000000683800000, 0x0000000683800000|100%| O|  |TAMS 0x0000000683800000, 0x0000000683400000| Untracked 
|   5|0x0000000683800000, 0x0000000683c00000, 0x0000000683c00000|100%| O|  |TAMS 0x0000000683800000, 0x0000000683800000| Untracked 
|   6|0x0000000683c00000, 0x0000000684000000, 0x0000000684000000|100%| O|  |TAMS 0x0000000684000000, 0x0000000683c00000| Untracked 
|   7|0x0000000684000000, 0x0000000684400000, 0x0000000684400000|100%| O|  |TAMS 0x0000000684400000, 0x0000000684000000| Untracked 
|   8|0x0000000684400000, 0x0000000684800000, 0x0000000684800000|100%| O|  |TAMS 0x0000000684800000, 0x0000000684400000| Untracked 
|   9|0x0000000684800000, 0x0000000684c00000, 0x0000000684c00000|100%| O|  |TAMS 0x0000000684c00000, 0x0000000684800000| Untracked 
|  10|0x0000000684c00000, 0x0000000685000000, 0x0000000685000000|100%| O|  |TAMS 0x0000000685000000, 0x0000000684c00000| Untracked 
|  11|0x0000000685000000, 0x0000000685400000, 0x0000000685400000|100%| O|  |TAMS 0x0000000685400000, 0x0000000685000000| Untracked 
|  12|0x0000000685400000, 0x0000000685800000, 0x0000000685800000|100%| O|  |TAMS 0x000000068566e000, 0x0000000685400000| Untracked 
|  13|0x0000000685800000, 0x0000000685c00000, 0x0000000685c00000|100%| O|  |TAMS 0x0000000685800000, 0x0000000685800000| Untracked 
|  14|0x0000000685c00000, 0x0000000686000000, 0x0000000686000000|100%| O|  |TAMS 0x0000000685c00000, 0x0000000685c00000| Untracked 
|  15|0x0000000686000000, 0x0000000686400000, 0x0000000686400000|100%| O|  |TAMS 0x0000000686000000, 0x0000000686000000| Untracked 
|  16|0x0000000686400000, 0x0000000686800000, 0x0000000686800000|100%| O|  |TAMS 0x0000000686400000, 0x0000000686400000| Untracked 
|  17|0x0000000686800000, 0x0000000686c00000, 0x0000000686c00000|100%| O|  |TAMS 0x0000000686800000, 0x0000000686800000| Untracked 
|  18|0x0000000686c00000, 0x0000000687000000, 0x0000000687000000|100%| O|  |TAMS 0x0000000686c00000, 0x0000000686c00000| Untracked 
|  19|0x0000000687000000, 0x0000000687400000, 0x0000000687400000|100%| O|  |TAMS 0x0000000687000000, 0x0000000687000000| Untracked 
|  20|0x0000000687400000, 0x0000000687544c00, 0x0000000687800000| 31%| O|  |TAMS 0x0000000687400000, 0x0000000687400000| Untracked 
|  21|0x0000000687800000, 0x0000000687800000, 0x0000000687c00000|  0%| F|  |TAMS 0x0000000687800000, 0x0000000687800000| Untracked 
|  22|0x0000000687c00000, 0x0000000687c00000, 0x0000000688000000|  0%| F|  |TAMS 0x0000000687c00000, 0x0000000687c00000| Untracked 
|  23|0x0000000688000000, 0x0000000688000000, 0x0000000688400000|  0%| F|  |TAMS 0x0000000688000000, 0x0000000688000000| Untracked 
|  24|0x0000000688400000, 0x0000000688400000, 0x0000000688800000|  0%| F|  |TAMS 0x0000000688400000, 0x0000000688400000| Untracked 
|  25|0x0000000688800000, 0x0000000688800000, 0x0000000688c00000|  0%| F|  |TAMS 0x0000000688800000, 0x0000000688800000| Untracked 
|  26|0x0000000688c00000, 0x0000000688c00000, 0x0000000689000000|  0%| F|  |TAMS 0x0000000688c00000, 0x0000000688c00000| Untracked 
|  27|0x0000000689000000, 0x0000000689000000, 0x0000000689400000|  0%| F|  |TAMS 0x0000000689000000, 0x0000000689000000| Untracked 
|  28|0x0000000689400000, 0x0000000689400000, 0x0000000689800000|  0%| F|  |TAMS 0x0000000689400000, 0x0000000689400000| Untracked 
|  29|0x0000000689800000, 0x0000000689800000, 0x0000000689c00000|  0%| F|  |TAMS 0x0000000689800000, 0x0000000689800000| Untracked 
|  30|0x0000000689c00000, 0x0000000689c00000, 0x000000068a000000|  0%| F|  |TAMS 0x0000000689c00000, 0x0000000689c00000| Untracked 
|  31|0x000000068a000000, 0x000000068a000000, 0x000000068a400000|  0%| F|  |TAMS 0x000000068a000000, 0x000000068a000000| Untracked 
|  32|0x000000068a400000, 0x000000068a400000, 0x000000068a800000|  0%| F|  |TAMS 0x000000068a400000, 0x000000068a400000| Untracked 
|  33|0x000000068a800000, 0x000000068a800000, 0x000000068ac00000|  0%| F|  |TAMS 0x000000068a800000, 0x000000068a800000| Untracked 
|  34|0x000000068ac00000, 0x000000068ac00000, 0x000000068b000000|  0%| F|  |TAMS 0x000000068ac00000, 0x000000068ac00000| Untracked 
|  35|0x000000068b000000, 0x000000068b000000, 0x000000068b400000|  0%| F|  |TAMS 0x000000068b000000, 0x000000068b000000| Untracked 
|  36|0x000000068b400000, 0x000000068b400000, 0x000000068b800000|  0%| F|  |TAMS 0x000000068b400000, 0x000000068b400000| Untracked 
|  37|0x000000068b800000, 0x000000068b800000, 0x000000068bc00000|  0%| F|  |TAMS 0x000000068b800000, 0x000000068b800000| Untracked 
|  38|0x000000068bc00000, 0x000000068bc00000, 0x000000068c000000|  0%| F|  |TAMS 0x000000068bc00000, 0x000000068bc00000| Untracked 
|  39|0x000000068c000000, 0x000000068c000000, 0x000000068c400000|  0%| F|  |TAMS 0x000000068c000000, 0x000000068c000000| Untracked 
|  40|0x000000068c400000, 0x000000068c400000, 0x000000068c800000|  0%| F|  |TAMS 0x000000068c400000, 0x000000068c400000| Untracked 
|  41|0x000000068c800000, 0x000000068cc00000, 0x000000068cc00000|100%| S|CS|TAMS 0x000000068c800000, 0x000000068c800000| Complete 
|  42|0x000000068cc00000, 0x000000068d000000, 0x000000068d000000|100%| S|CS|TAMS 0x000000068cc00000, 0x000000068cc00000| Complete 
|  43|0x000000068d000000, 0x000000068d400000, 0x000000068d400000|100%| S|CS|TAMS 0x000000068d000000, 0x000000068d000000| Complete 
|  44|0x000000068d400000, 0x000000068d800000, 0x000000068d800000|100%| S|CS|TAMS 0x000000068d400000, 0x000000068d400000| Complete 
|  45|0x000000068d800000, 0x000000068d800000, 0x000000068dc00000|  0%| F|  |TAMS 0x000000068d800000, 0x000000068d800000| Untracked 
|  46|0x000000068dc00000, 0x000000068dc00000, 0x000000068e000000|  0%| F|  |TAMS 0x000000068dc00000, 0x000000068dc00000| Untracked 
|  47|0x000000068e000000, 0x000000068e000000, 0x000000068e400000|  0%| F|  |TAMS 0x000000068e000000, 0x000000068e000000| Untracked 
|  48|0x000000068e400000, 0x000000068e400000, 0x000000068e800000|  0%| F|  |TAMS 0x000000068e400000, 0x000000068e400000| Untracked 
|  49|0x000000068e800000, 0x000000068e800000, 0x000000068ec00000|  0%| F|  |TAMS 0x000000068e800000, 0x000000068e800000| Untracked 
|  50|0x000000068ec00000, 0x000000068f000000, 0x000000068f000000|100%| S|CS|TAMS 0x000000068ec00000, 0x000000068ec00000| Complete 
|  51|0x000000068f000000, 0x000000068f400000, 0x000000068f400000|100%| S|CS|TAMS 0x000000068f000000, 0x000000068f000000| Complete 
|  52|0x000000068f400000, 0x000000068f800000, 0x000000068f800000|100%| S|CS|TAMS 0x000000068f400000, 0x000000068f400000| Complete 
|  53|0x000000068f800000, 0x000000068f800000, 0x000000068fc00000|  0%| F|  |TAMS 0x000000068f800000, 0x000000068f800000| Untracked 
|  54|0x000000068fc00000, 0x000000068fc00000, 0x0000000690000000|  0%| F|  |TAMS 0x000000068fc00000, 0x000000068fc00000| Untracked 
|  55|0x0000000690000000, 0x0000000690000000, 0x0000000690400000|  0%| F|  |TAMS 0x0000000690000000, 0x0000000690000000| Untracked 
|  56|0x0000000690400000, 0x0000000690400000, 0x0000000690800000|  0%| F|  |TAMS 0x0000000690400000, 0x0000000690400000| Untracked 
|  57|0x0000000690800000, 0x0000000690800000, 0x0000000690c00000|  0%| F|  |TAMS 0x0000000690800000, 0x0000000690800000| Untracked 
|  58|0x0000000690c00000, 0x0000000690c00000, 0x0000000691000000|  0%| F|  |TAMS 0x0000000690c00000, 0x0000000690c00000| Untracked 
|  59|0x0000000691000000, 0x0000000691000000, 0x0000000691400000|  0%| F|  |TAMS 0x0000000691000000, 0x0000000691000000| Untracked 
|  60|0x0000000691400000, 0x0000000691400000, 0x0000000691800000|  0%| F|  |TAMS 0x0000000691400000, 0x0000000691400000| Untracked 
|  61|0x0000000691800000, 0x0000000691800000, 0x0000000691c00000|  0%| F|  |TAMS 0x0000000691800000, 0x0000000691800000| Untracked 
|  62|0x0000000691c00000, 0x0000000691c00000, 0x0000000692000000|  0%| F|  |TAMS 0x0000000691c00000, 0x0000000691c00000| Untracked 
|  63|0x0000000692000000, 0x0000000692000000, 0x0000000692400000|  0%| F|  |TAMS 0x0000000692000000, 0x0000000692000000| Untracked 
|  64|0x0000000692400000, 0x0000000692400000, 0x0000000692800000|  0%| F|  |TAMS 0x0000000692400000, 0x0000000692400000| Untracked 
|  65|0x0000000692800000, 0x0000000692800000, 0x0000000692c00000|  0%| F|  |TAMS 0x0000000692800000, 0x0000000692800000| Untracked 
|  66|0x0000000692c00000, 0x0000000692c00000, 0x0000000693000000|  0%| F|  |TAMS 0x0000000692c00000, 0x0000000692c00000| Untracked 
|  67|0x0000000693000000, 0x0000000693000000, 0x0000000693400000|  0%| F|  |TAMS 0x0000000693000000, 0x0000000693000000| Untracked 
|  68|0x0000000693400000, 0x0000000693400000, 0x0000000693800000|  0%| F|  |TAMS 0x0000000693400000, 0x0000000693400000| Untracked 
|  69|0x0000000693800000, 0x0000000693800000, 0x0000000693c00000|  0%| F|  |TAMS 0x0000000693800000, 0x0000000693800000| Untracked 
|  70|0x0000000693c00000, 0x0000000693c00000, 0x0000000694000000|  0%| F|  |TAMS 0x0000000693c00000, 0x0000000693c00000| Untracked 
|  71|0x0000000694000000, 0x0000000694000000, 0x0000000694400000|  0%| F|  |TAMS 0x0000000694000000, 0x0000000694000000| Untracked 
|  72|0x0000000694400000, 0x0000000694400000, 0x0000000694800000|  0%| F|  |TAMS 0x0000000694400000, 0x0000000694400000| Untracked 
|  73|0x0000000694800000, 0x0000000694800000, 0x0000000694c00000|  0%| F|  |TAMS 0x0000000694800000, 0x0000000694800000| Untracked 
|  74|0x0000000694c00000, 0x0000000694c00000, 0x0000000695000000|  0%| F|  |TAMS 0x0000000694c00000, 0x0000000694c00000| Untracked 
|  75|0x0000000695000000, 0x0000000695000000, 0x0000000695400000|  0%| F|  |TAMS 0x0000000695000000, 0x0000000695000000| Untracked 
|  76|0x0000000695400000, 0x0000000695400000, 0x0000000695800000|  0%| F|  |TAMS 0x0000000695400000, 0x0000000695400000| Untracked 
|  77|0x0000000695800000, 0x0000000695800000, 0x0000000695c00000|  0%| F|  |TAMS 0x0000000695800000, 0x0000000695800000| Untracked 
|  78|0x0000000695c00000, 0x0000000695c00000, 0x0000000696000000|  0%| F|  |TAMS 0x0000000695c00000, 0x0000000695c00000| Untracked 
|  79|0x0000000696000000, 0x0000000696000000, 0x0000000696400000|  0%| F|  |TAMS 0x0000000696000000, 0x0000000696000000| Untracked 
|  80|0x0000000696400000, 0x0000000696400000, 0x0000000696800000|  0%| F|  |TAMS 0x0000000696400000, 0x0000000696400000| Untracked 
|  81|0x0000000696800000, 0x0000000696800000, 0x0000000696c00000|  0%| F|  |TAMS 0x0000000696800000, 0x0000000696800000| Untracked 
|  82|0x0000000696c00000, 0x0000000696c00000, 0x0000000697000000|  0%| F|  |TAMS 0x0000000696c00000, 0x0000000696c00000| Untracked 
|  83|0x0000000697000000, 0x0000000697000000, 0x0000000697400000|  0%| F|  |TAMS 0x0000000697000000, 0x0000000697000000| Untracked 
|  84|0x0000000697400000, 0x0000000697400000, 0x0000000697800000|  0%| F|  |TAMS 0x0000000697400000, 0x0000000697400000| Untracked 
|  85|0x0000000697800000, 0x0000000697800000, 0x0000000697c00000|  0%| F|  |TAMS 0x0000000697800000, 0x0000000697800000| Untracked 
|  86|0x0000000697c00000, 0x0000000697c00000, 0x0000000698000000|  0%| F|  |TAMS 0x0000000697c00000, 0x0000000697c00000| Untracked 
|  87|0x0000000698000000, 0x0000000698000000, 0x0000000698400000|  0%| F|  |TAMS 0x0000000698000000, 0x0000000698000000| Untracked 
|  88|0x0000000698400000, 0x0000000698400000, 0x0000000698800000|  0%| F|  |TAMS 0x0000000698400000, 0x0000000698400000| Untracked 
|  89|0x0000000698800000, 0x0000000698800000, 0x0000000698c00000|  0%| F|  |TAMS 0x0000000698800000, 0x0000000698800000| Untracked 
|  90|0x0000000698c00000, 0x0000000698c00000, 0x0000000699000000|  0%| F|  |TAMS 0x0000000698c00000, 0x0000000698c00000| Untracked 
|  91|0x0000000699000000, 0x0000000699000000, 0x0000000699400000|  0%| F|  |TAMS 0x0000000699000000, 0x0000000699000000| Untracked 
|  92|0x0000000699400000, 0x0000000699400000, 0x0000000699800000|  0%| F|  |TAMS 0x0000000699400000, 0x0000000699400000| Untracked 
|  93|0x0000000699800000, 0x0000000699800000, 0x0000000699c00000|  0%| F|  |TAMS 0x0000000699800000, 0x0000000699800000| Untracked 
|  94|0x0000000699c00000, 0x0000000699c00000, 0x000000069a000000|  0%| F|  |TAMS 0x0000000699c00000, 0x0000000699c00000| Untracked 
|  95|0x000000069a000000, 0x000000069a000000, 0x000000069a400000|  0%| F|  |TAMS 0x000000069a000000, 0x000000069a000000| Untracked 
|  96|0x000000069a400000, 0x000000069a400000, 0x000000069a800000|  0%| F|  |TAMS 0x000000069a400000, 0x000000069a400000| Untracked 
|  97|0x000000069a800000, 0x000000069a800000, 0x000000069ac00000|  0%| F|  |TAMS 0x000000069a800000, 0x000000069a800000| Untracked 
|  98|0x000000069ac00000, 0x000000069ac00000, 0x000000069b000000|  0%| F|  |TAMS 0x000000069ac00000, 0x000000069ac00000| Untracked 
|  99|0x000000069b000000, 0x000000069b000000, 0x000000069b400000|  0%| F|  |TAMS 0x000000069b000000, 0x000000069b000000| Untracked 
| 100|0x000000069b400000, 0x000000069b400000, 0x000000069b800000|  0%| F|  |TAMS 0x000000069b400000, 0x000000069b400000| Untracked 
| 101|0x000000069b800000, 0x000000069b800000, 0x000000069bc00000|  0%| F|  |TAMS 0x000000069b800000, 0x000000069b800000| Untracked 
| 102|0x000000069bc00000, 0x000000069bc00000, 0x000000069c000000|  0%| F|  |TAMS 0x000000069bc00000, 0x000000069bc00000| Untracked 
| 103|0x000000069c000000, 0x000000069c000000, 0x000000069c400000|  0%| F|  |TAMS 0x000000069c000000, 0x000000069c000000| Untracked 
| 104|0x000000069c400000, 0x000000069c400000, 0x000000069c800000|  0%| F|  |TAMS 0x000000069c400000, 0x000000069c400000| Untracked 
| 105|0x000000069c800000, 0x000000069c800000, 0x000000069cc00000|  0%| F|  |TAMS 0x000000069c800000, 0x000000069c800000| Untracked 
| 106|0x000000069cc00000, 0x000000069cc00000, 0x000000069d000000|  0%| F|  |TAMS 0x000000069cc00000, 0x000000069cc00000| Untracked 
| 107|0x000000069d000000, 0x000000069d000000, 0x000000069d400000|  0%| F|  |TAMS 0x000000069d000000, 0x000000069d000000| Untracked 
| 108|0x000000069d400000, 0x000000069d400000, 0x000000069d800000|  0%| F|  |TAMS 0x000000069d400000, 0x000000069d400000| Untracked 
| 109|0x000000069d800000, 0x000000069d800000, 0x000000069dc00000|  0%| F|  |TAMS 0x000000069d800000, 0x000000069d800000| Untracked 
| 110|0x000000069dc00000, 0x000000069dc00000, 0x000000069e000000|  0%| F|  |TAMS 0x000000069dc00000, 0x000000069dc00000| Untracked 
| 111|0x000000069e000000, 0x000000069e000000, 0x000000069e400000|  0%| F|  |TAMS 0x000000069e000000, 0x000000069e000000| Untracked 
| 112|0x000000069e400000, 0x000000069e400000, 0x000000069e800000|  0%| F|  |TAMS 0x000000069e400000, 0x000000069e400000| Untracked 
| 113|0x000000069e800000, 0x000000069e800000, 0x000000069ec00000|  0%| F|  |TAMS 0x000000069e800000, 0x000000069e800000| Untracked 
| 114|0x000000069ec00000, 0x000000069ec00000, 0x000000069f000000|  0%| F|  |TAMS 0x000000069ec00000, 0x000000069ec00000| Untracked 
| 115|0x000000069f000000, 0x000000069f000000, 0x000000069f400000|  0%| F|  |TAMS 0x000000069f000000, 0x000000069f000000| Untracked 
| 116|0x000000069f400000, 0x000000069f400000, 0x000000069f800000|  0%| F|  |TAMS 0x000000069f400000, 0x000000069f400000| Untracked 
| 117|0x000000069f800000, 0x000000069f800000, 0x000000069fc00000|  0%| F|  |TAMS 0x000000069f800000, 0x000000069f800000| Untracked 
| 118|0x000000069fc00000, 0x000000069fc00000, 0x00000006a0000000|  0%| F|  |TAMS 0x000000069fc00000, 0x000000069fc00000| Untracked 

Card table byte_map: [0x0000018d5def0000,0x0000018d5eae0000] _byte_map_base: 0x0000018d5aade000

Marking Bits (Prev, Next): (CMBitMap*) 0x0000018d575e6de0, (CMBitMap*) 0x0000018d575e6da0
 Prev Bits: [0x0000018d65640000, 0x0000018d6b5b0000)
 Next Bits: [0x0000018d5f6d0000, 0x0000018d65640000)

Polling page: 0x0000018d55540000

Metaspace:

Usage:
  Non-class:     31.21 MB used.
      Class:      4.50 MB used.
       Both:     35.71 MB used.

Virtual space:
  Non-class space:       32.00 MB reserved,      31.38 MB ( 98%) committed,  4 nodes.
      Class space:        1.00 GB reserved,       4.62 MB ( <1%) committed,  1 nodes.
             Both:        1.03 GB reserved,      36.00 MB (  3%) committed. 

Chunk freelists:
   Non-Class:  258.00 KB
       Class:  3.39 MB
        Both:  3.64 MB

MaxMetaspaceSize: unlimited
CompressedClassSpaceSize: 1.00 GB
Initial GC threshold: 21.00 MB
Current GC threshold: 60.00 MB
CDS: off
MetaspaceReclaimPolicy: balanced
 - commit_granule_bytes: 65536.
 - commit_granule_words: 8192.
 - virtual_space_node_default_size: 1048576.
 - enlarge_chunks_in_place: 1.
 - new_chunks_are_fully_committed: 0.
 - uncommit_free_chunks: 1.
 - use_allocation_guard: 0.
 - handle_deallocations: 1.


Internal statistics:

num_allocs_failed_limit: 11.
num_arena_births: 334.
num_arena_deaths: 0.
num_vsnodes_births: 5.
num_vsnodes_deaths: 0.
num_space_committed: 576.
num_space_uncommitted: 0.
num_chunks_returned_to_freelist: 11.
num_chunks_taken_from_freelist: 1393.
num_chunk_merges: 11.
num_chunk_splits: 974.
num_chunks_enlarged: 751.
num_purges: 0.
num_inconsistent_stats: 0.

CodeCache: size=49152Kb used=9113Kb max_used=9113Kb free=40038Kb
 bounds [0x0000018d5a1e0000, 0x0000018d5aad0000, 0x0000018d5d1e0000]
 total_blobs=4195 nmethods=3663 adapters=455
 compilation: enabled
              stopped_count=0, restarted_count=0
 full_count=0

Compilation events (20 events):
Event: 4.461 Thread 0x0000018d6ed3afe0 3655       1       io.github.classgraph.AnnotationParameterValue::getValue (19 bytes)
Event: 4.461 Thread 0x0000018d6ec6f030 3656       1       io.github.classgraph.ObjectTypedValueWrapper::get (7 bytes)
Event: 4.461 Thread 0x0000018d6ec6f030 nmethod 3656 0x0000018d5aabb810 code [0x0000018d5aabb9a0, 0x0000018d5aabba88]
Event: 4.461 Thread 0x0000018d6ed3afe0 nmethod 3655 0x0000018d5aabbb10 code [0x0000018d5aabbca0, 0x0000018d5aabbdc8]
Event: 4.461 Thread 0x0000018d6f886640 nmethod 3651 0x0000018d5aabbe90 code [0x0000018d5aabc280, 0x0000018d5aabe028]
Event: 4.462 Thread 0x0000018d6f3d79c0 nmethod 3650 0x0000018d5aabe610 code [0x0000018d5aabea80, 0x0000018d5aabfe98]
Event: 4.472 Thread 0x0000018d6ed3afe0 3657       1       java.util.concurrent.ConcurrentHashMap::resizeStamp (9 bytes)
Event: 4.472 Thread 0x0000018d6ed3afe0 nmethod 3657 0x0000018d5aac0910 code [0x0000018d5aac0aa0, 0x0000018d5aac0b68]
Event: 4.493 Thread 0x0000018d6f886640 3658       1       io.github.classgraph.MethodInfoList::<init> (5 bytes)
Event: 4.493 Thread 0x0000018d6f886640 nmethod 3658 0x0000018d5aac0c10 code [0x0000018d5aac0da0, 0x0000018d5aac0ed8]
Event: 4.517 Thread 0x0000018d6f886640 3659   !   1       sun.nio.fs.WindowsDirectoryStream::<init> (175 bytes)
Event: 4.518 Thread 0x0000018d6f886640 nmethod 3659 0x0000018d5aac0f90 code [0x0000018d5aac1260, 0x0000018d5aac1e68]
Event: 4.657 Thread 0x0000018d6f886640 3660       1       java.nio.file.Path::resolve (21 bytes)
Event: 4.657 Thread 0x0000018d6ed3afe0 3661       1       sun.nio.fs.WindowsPath::resolve (6 bytes)
Event: 4.657 Thread 0x0000018d6ec6f030 3662       1       sun.nio.fs.WindowsPath::resolve (393 bytes)
Event: 4.657 Thread 0x0000018d6ed3afe0 nmethod 3661 0x0000018d5aac2790 code [0x0000018d5aac2920, 0x0000018d5aac2a08]
Event: 4.657 Thread 0x0000018d6f886640 nmethod 3660 0x0000018d5aac2a90 code [0x0000018d5aac2c40, 0x0000018d5aac2e28]
Event: 4.659 Thread 0x0000018d6ec6f030 nmethod 3662 0x0000018d5aac2f90 code [0x0000018d5aac3440, 0x0000018d5aac4de8]
Event: 4.808 Thread 0x0000018d6ec6f030 3663       1       io.github.classgraph.ClasspathElementDir::getResource (32 bytes)
Event: 4.808 Thread 0x0000018d6ec6f030 nmethod 3663 0x0000018d5aac5a90 code [0x0000018d5aac5ca0, 0x0000018d5aac62a8]

GC Heap History (20 events):
Event: 3.543 GC heap after
{Heap after GC invocations=10 (full 0):
 garbage-first heap   total 225280K, used 23776K [0x0000000682400000, 0x0000000800000000)
  region size 4096K, 1 young (4096K), 1 survivors (4096K)
 Metaspace       used 31678K, committed 31936K, reserved 1081344K
  class space    used 4011K, committed 4096K, reserved 1048576K
}
Event: 3.987 GC heap before
{Heap before GC invocations=10 (full 0):
 garbage-first heap   total 225280K, used 93408K [0x0000000682400000, 0x0000000800000000)
  region size 4096K, 20 young (81920K), 1 survivors (4096K)
 Metaspace       used 35797K, committed 36096K, reserved 1081344K
  class space    used 4525K, committed 4672K, reserved 1048576K
}
Event: 4.001 GC heap after
{Heap after GC invocations=11 (full 0):
 garbage-first heap   total 225280K, used 40233K [0x0000000682400000, 0x0000000800000000)
  region size 4096K, 4 young (16384K), 4 survivors (16384K)
 Metaspace       used 35797K, committed 36096K, reserved 1081344K
  class space    used 4525K, committed 4672K, reserved 1048576K
}
Event: 4.089 GC heap before
{Heap before GC invocations=12 (full 0):
 garbage-first heap   total 180224K, used 122153K [0x0000000682400000, 0x0000000800000000)
  region size 4096K, 25 young (102400K), 4 survivors (16384K)
 Metaspace       used 36410K, committed 36672K, reserved 1081344K
  class space    used 4582K, committed 4736K, reserved 1048576K
}
Event: 4.097 GC heap after
{Heap after GC invocations=13 (full 0):
 garbage-first heap   total 180224K, used 48020K [0x0000000682400000, 0x0000000800000000)
  region size 4096K, 2 young (8192K), 2 survivors (8192K)
 Metaspace       used 36410K, committed 36672K, reserved 1081344K
  class space    used 4582K, committed 4736K, reserved 1048576K
}
Event: 4.101 GC heap before
{Heap before GC invocations=13 (full 0):
 garbage-first heap   total 180224K, used 48020K [0x0000000682400000, 0x0000000800000000)
  region size 4096K, 3 young (12288K), 2 survivors (8192K)
 Metaspace       used 36448K, committed 36800K, reserved 1081344K
  class space    used 4589K, committed 4736K, reserved 1048576K
}
Event: 4.105 GC heap after
{Heap after GC invocations=14 (full 0):
 garbage-first heap   total 180224K, used 48923K [0x0000000682400000, 0x0000000800000000)
  region size 4096K, 1 young (4096K), 1 survivors (4096K)
 Metaspace       used 36448K, committed 36800K, reserved 1081344K
  class space    used 4589K, committed 4736K, reserved 1048576K
}
Event: 4.144 GC heap before
{Heap before GC invocations=14 (full 0):
 garbage-first heap   total 180224K, used 110363K [0x0000000682400000, 0x0000000800000000)
  region size 4096K, 17 young (69632K), 1 survivors (4096K)
 Metaspace       used 36564K, committed 36864K, reserved 1081344K
  class space    used 4608K, committed 4736K, reserved 1048576K
}
Event: 4.146 GC heap after
{Heap after GC invocations=15 (full 0):
 garbage-first heap   total 180224K, used 51188K [0x0000000682400000, 0x0000000800000000)
  region size 4096K, 1 young (4096K), 1 survivors (4096K)
 Metaspace       used 36564K, committed 36864K, reserved 1081344K
  class space    used 4608K, committed 4736K, reserved 1048576K
}
Event: 4.201 GC heap before
{Heap before GC invocations=16 (full 0):
 garbage-first heap   total 180224K, used 116724K [0x0000000682400000, 0x0000000800000000)
  region size 4096K, 18 young (73728K), 1 survivors (4096K)
 Metaspace       used 36564K, committed 36864K, reserved 1081344K
  class space    used 4608K, committed 4736K, reserved 1048576K
}
Event: 4.204 GC heap after
{Heap after GC invocations=17 (full 0):
 garbage-first heap   total 180224K, used 54689K [0x0000000682400000, 0x0000000800000000)
  region size 4096K, 2 young (8192K), 2 survivors (8192K)
 Metaspace       used 36564K, committed 36864K, reserved 1081344K
  class space    used 4608K, committed 4736K, reserved 1048576K
}
Event: 4.249 GC heap before
{Heap before GC invocations=17 (full 0):
 garbage-first heap   total 180224K, used 124321K [0x0000000682400000, 0x0000000800000000)
  region size 4096K, 20 young (81920K), 2 survivors (8192K)
 Metaspace       used 36564K, committed 36864K, reserved 1081344K
  class space    used 4608K, committed 4736K, reserved 1048576K
}
Event: 4.253 GC heap after
{Heap after GC invocations=18 (full 0):
 garbage-first heap   total 487424K, used 58093K [0x0000000682400000, 0x0000000800000000)
  region size 4096K, 2 young (8192K), 2 survivors (8192K)
 Metaspace       used 36564K, committed 36864K, reserved 1081344K
  class space    used 4608K, committed 4736K, reserved 1048576K
}
Event: 4.448 GC heap before
{Heap before GC invocations=18 (full 0):
 garbage-first heap   total 487424K, used 336621K [0x0000000682400000, 0x0000000800000000)
  region size 4096K, 71 young (290816K), 2 survivors (8192K)
 Metaspace       used 36564K, committed 36864K, reserved 1081344K
  class space    used 4608K, committed 4736K, reserved 1048576K
}
Event: 4.458 GC heap after
{Heap after GC invocations=19 (full 0):
 garbage-first heap   total 487424K, used 72066K [0x0000000682400000, 0x0000000800000000)
  region size 4096K, 6 young (24576K), 6 survivors (24576K)
 Metaspace       used 36564K, committed 36864K, reserved 1081344K
  class space    used 4608K, committed 4736K, reserved 1048576K
}
Event: 4.618 GC heap before
{Heap before GC invocations=19 (full 0):
 garbage-first heap   total 487424K, used 334210K [0x0000000682400000, 0x0000000800000000)
  region size 4096K, 71 young (290816K), 6 survivors (24576K)
 Metaspace       used 36564K, committed 36864K, reserved 1081344K
  class space    used 4608K, committed 4736K, reserved 1048576K
}
Event: 4.630 GC heap after
{Heap after GC invocations=20 (full 0):
 garbage-first heap   total 487424K, used 83504K [0x0000000682400000, 0x0000000800000000)
  region size 4096K, 8 young (32768K), 8 survivors (32768K)
 Metaspace       used 36564K, committed 36864K, reserved 1081344K
  class space    used 4608K, committed 4736K, reserved 1048576K
}
Event: 4.783 GC heap before
{Heap before GC invocations=20 (full 0):
 garbage-first heap   total 487424K, used 337456K [0x0000000682400000, 0x0000000800000000)
  region size 4096K, 71 young (290816K), 8 survivors (32768K)
 Metaspace       used 36564K, committed 36864K, reserved 1081344K
  class space    used 4608K, committed 4736K, reserved 1048576K
}
Event: 4.806 GC heap after
{Heap after GC invocations=21 (full 0):
 garbage-first heap   total 487424K, used 97778K [0x0000000682400000, 0x0000000800000000)
  region size 4096K, 7 young (28672K), 7 survivors (28672K)
 Metaspace       used 36564K, committed 36864K, reserved 1081344K
  class space    used 4608K, committed 4736K, reserved 1048576K
}
Event: 4.999 GC heap before
{Heap before GC invocations=21 (full 0):
 garbage-first heap   total 487424K, used 355826K [0x0000000682400000, 0x0000000800000000)
  region size 4096K, 71 young (290816K), 7 survivors (28672K)
 Metaspace       used 36564K, committed 36864K, reserved 1081344K
  class space    used 4608K, committed 4736K, reserved 1048576K
}

Deoptimization events (18 events):
Event: 1.127 Thread 0x0000018d5755ae20 DEOPT PACKING pc=0x0000018d5a607d01 sp=0x00000068696fdbc0
Event: 1.127 Thread 0x0000018d5755ae20 DEOPT UNPACKING pc=0x0000018d5a232b43 sp=0x00000068696fd030 mode 3
Event: 1.592 Thread 0x0000018d5755ae20 DEOPT PACKING pc=0x0000018d5a7234f9 sp=0x00000068696fd430
Event: 1.592 Thread 0x0000018d5755ae20 DEOPT UNPACKING pc=0x0000018d5a232b43 sp=0x00000068696fc910 mode 3
Event: 2.130 Thread 0x0000018d5755ae20 DEOPT PACKING pc=0x0000018d5a7ede81 sp=0x00000068696fe2c0
Event: 2.130 Thread 0x0000018d5755ae20 DEOPT UNPACKING pc=0x0000018d5a232b43 sp=0x00000068696fd730 mode 3
Event: 3.334 Thread 0x0000018d5755ae20 DEOPT PACKING pc=0x0000018d5a8982f9 sp=0x00000068696fc9a0
Event: 3.334 Thread 0x0000018d5755ae20 DEOPT UNPACKING pc=0x0000018d5a232b43 sp=0x00000068696fbe80 mode 3
Event: 3.394 Thread 0x0000018d7009b830 DEOPT PACKING pc=0x0000018d5a8eb413 sp=0x000000686b2fe580
Event: 3.394 Thread 0x0000018d7009b830 DEOPT UNPACKING pc=0x0000018d5a232b43 sp=0x000000686b2fdac8 mode 3
Event: 3.551 Thread 0x0000018d701bb980 DEOPT PACKING pc=0x0000018d5a724889 sp=0x000000686b4fe8c0
Event: 3.551 Thread 0x0000018d701bb980 DEOPT UNPACKING pc=0x0000018d5a232b43 sp=0x000000686b4fdd50 mode 3
Event: 3.705 Thread 0x0000018d701e6060 DEOPT PACKING pc=0x0000018d5aa31eed sp=0x000000686c5fdc10
Event: 3.705 Thread 0x0000018d701e6060 DEOPT UNPACKING pc=0x0000018d5a232b43 sp=0x000000686c5fd138 mode 3
Event: 3.718 Thread 0x0000018d701e6ed0 DEOPT PACKING pc=0x0000018d5a71d19f sp=0x000000686bdff210
Event: 3.718 Thread 0x0000018d701e6ed0 DEOPT UNPACKING pc=0x0000018d5a232b43 sp=0x000000686bdfe668 mode 3
Event: 3.804 Thread 0x0000018d701e6060 DEOPT PACKING pc=0x0000018d5a85a8bc sp=0x000000686c5f8a70
Event: 3.804 Thread 0x0000018d701e6060 DEOPT UNPACKING pc=0x0000018d5a232b43 sp=0x000000686c5f7ef0 mode 3

Classes unloaded (0 events):
No events

Classes redefined (0 events):
No events

Internal exceptions (20 events):
Event: 4.909 Thread 0x0000018d701bbe50 Exception <a 'sun/nio/fs/WindowsException'{0x0000000696b4da90}> (0x0000000696b4da90) 
thrown [e:\jenkins\tmp\workspace\build\src\src\hotspot\share\prims\jni.cpp, line 516]
Event: 4.909 Thread 0x0000018d701bbe50 Exception <a 'sun/nio/fs/WindowsException'{0x0000000696b4deb0}> (0x0000000696b4deb0) 
thrown [e:\jenkins\tmp\workspace\build\src\src\hotspot\share\prims\jni.cpp, line 516]
Event: 4.921 Thread 0x0000018d701e39e0 Exception <a 'sun/nio/fs/WindowsException'{0x0000000695ae50a0}> (0x0000000695ae50a0) 
thrown [e:\jenkins\tmp\workspace\build\src\src\hotspot\share\prims\jni.cpp, line 516]
Event: 4.921 Thread 0x0000018d701e6530 Exception <a 'sun/nio/fs/WindowsException'{0x0000000695b3afc0}> (0x0000000695b3afc0) 
thrown [e:\jenkins\tmp\workspace\build\src\src\hotspot\share\prims\jni.cpp, line 516]
Event: 4.921 Thread 0x0000018d701bb980 Exception <a 'sun/nio/fs/WindowsException'{0x0000000695a4d210}> (0x0000000695a4d210) 
thrown [e:\jenkins\tmp\workspace\build\src\src\hotspot\share\prims\jni.cpp, line 516]
Event: 4.921 Thread 0x0000018d701e39e0 Exception <a 'sun/nio/fs/WindowsException'{0x0000000695ae5518}> (0x0000000695ae5518) 
thrown [e:\jenkins\tmp\workspace\build\src\src\hotspot\share\prims\jni.cpp, line 516]
Event: 4.921 Thread 0x0000018d701e6530 Exception <a 'sun/nio/fs/WindowsException'{0x0000000695b3b410}> (0x0000000695b3b410) 
thrown [e:\jenkins\tmp\workspace\build\src\src\hotspot\share\prims\jni.cpp, line 516]
Event: 4.921 Thread 0x0000018d701bb980 Exception <a 'sun/nio/fs/WindowsException'{0x0000000695a4d670}> (0x0000000695a4d670) 
thrown [e:\jenkins\tmp\workspace\build\src\src\hotspot\share\prims\jni.cpp, line 516]
Event: 4.921 Thread 0x0000018d701bbe50 Exception <a 'sun/nio/fs/WindowsException'{0x0000000695e56430}> (0x0000000695e56430) 
thrown [e:\jenkins\tmp\workspace\build\src\src\hotspot\share\prims\jni.cpp, line 516]
Event: 4.921 Thread 0x0000018d701bbe50 Exception <a 'sun/nio/fs/WindowsException'{0x0000000695e568a0}> (0x0000000695e568a0) 
thrown [e:\jenkins\tmp\workspace\build\src\src\hotspot\share\prims\jni.cpp, line 516]
Event: 4.922 Thread 0x0000018d701e15e0 Exception <a 'sun/nio/fs/WindowsException'{0x000000069541c5b0}> (0x000000069541c5b0) 
thrown [e:\jenkins\tmp\workspace\build\src\src\hotspot\share\prims\jni.cpp, line 516]
Event: 4.922 Thread 0x0000018d701e15e0 Exception <a 'sun/nio/fs/WindowsException'{0x000000069541ca18}> (0x000000069541ca18) 
thrown [e:\jenkins\tmp\workspace\build\src\src\hotspot\share\prims\jni.cpp, line 516]
Event: 4.922 Thread 0x0000018d701e1ab0 Exception <a 'sun/nio/fs/WindowsException'{0x000000069567e308}> (0x000000069567e308) 
thrown [e:\jenkins\tmp\workspace\build\src\src\hotspot\share\prims\jni.cpp, line 516]
Event: 4.922 Thread 0x0000018d701e3eb0 Exception <a 'sun/nio/fs/WindowsException'{0x000000069586b548}> (0x000000069586b548) 
thrown [e:\jenkins\tmp\workspace\build\src\src\hotspot\share\prims\jni.cpp, line 516]
Event: 4.922 Thread 0x0000018d701e1ab0 Exception <a 'sun/nio/fs/WindowsException'{0x000000069567e788}> (0x000000069567e788) 
thrown [e:\jenkins\tmp\workspace\build\src\src\hotspot\share\prims\jni.cpp, line 516]
Event: 4.922 Thread 0x0000018d701e3eb0 Exception <a 'sun/nio/fs/WindowsException'{0x000000069586b9f8}> (0x000000069586b9f8) 
thrown [e:\jenkins\tmp\workspace\build\src\src\hotspot\share\prims\jni.cpp, line 516]
Event: 4.923 Thread 0x0000018d701df820 Exception <a 'sun/nio/fs/WindowsException'{0x00000006950070b8}> (0x00000006950070b8) 
thrown [e:\jenkins\tmp\workspace\build\src\src\hotspot\share\prims\jni.cpp, line 516]
Event: 4.923 Thread 0x0000018d701df820 Exception <a 'sun/nio/fs/WindowsException'{0x0000000695007538}> (0x0000000695007538) 
thrown [e:\jenkins\tmp\workspace\build\src\src\hotspot\share\prims\jni.cpp, line 516]
Event: 4.949 Thread 0x0000018d701e3eb0 Exception <a 'sun/nio/fs/WindowsException'{0x0000000693f00b68}> (0x0000000693f00b68) 
thrown [e:\jenkins\tmp\workspace\build\src\src\hotspot\share\prims\jni.cpp, line 516]
Event: 4.949 Thread 0x0000018d701e3eb0 Exception <a 'sun/nio/fs/WindowsException'{0x0000000693f00f88}> (0x0000000693f00f88) 
thrown [e:\jenkins\tmp\workspace\build\src\src\hotspot\share\prims\jni.cpp, line 516]

VM Operations (20 events):
Event: 4.177 Executing VM operation: G1Concurrent done
Event: 4.188 Executing VM operation: G1Concurrent
Event: 4.188 Executing VM operation: G1Concurrent done
Event: 4.201 Executing VM operation: G1CollectForAllocation
Event: 4.204 Executing VM operation: G1CollectForAllocation done
Event: 4.249 Executing VM operation: G1CollectForAllocation
Event: 4.253 Executing VM operation: G1CollectForAllocation done
Event: 4.448 Executing VM operation: G1CollectForAllocation
Event: 4.448 Executing VM operation: G1CollectForAllocation done
Event: 4.448 Executing VM operation: G1CollectForAllocation
Event: 4.458 Executing VM operation: G1CollectForAllocation done
Event: 4.618 Executing VM operation: G1CollectForAllocation
Event: 4.630 Executing VM operation: G1CollectForAllocation done
Event: 4.783 Executing VM operation: G1CollectForAllocation
Event: 4.783 Executing VM operation: G1CollectForAllocation done
Event: 4.783 Executing VM operation: G1CollectForAllocation
Event: 4.806 Executing VM operation: G1CollectForAllocation done
Event: 4.999 Executing VM operation: G1CollectForAllocation
Event: 4.999 Executing VM operation: G1CollectForAllocation done
Event: 4.999 Executing VM operation: G1CollectForAllocation

Events (20 events):
Event: 4.066 loading class sun/util/PropertyResourceBundleCharset done
Event: 4.066 loading class sun/util/PropertyResourceBundleCharset$PropertiesFileDecoder
Event: 4.066 loading class sun/util/PropertyResourceBundleCharset$PropertiesFileDecoder done
Event: 4.068 loading class java/util/ResourceBundle$BundleReference
Event: 4.068 loading class java/util/ResourceBundle$BundleReference done
Event: 4.080 loading class java/nio/file/FileVisitor
Event: 4.080 loading class java/nio/file/FileVisitor done
Event: 4.099 loading class java/util/WeakHashMap$EntrySet
Event: 4.099 loading class java/util/WeakHashMap$EntrySet done
Event: 4.099 loading class java/util/WeakHashMap$EntryIterator
Event: 4.099 loading class java/util/WeakHashMap$HashIterator
Event: 4.099 loading class java/util/WeakHashMap$HashIterator done
Event: 4.099 loading class java/util/WeakHashMap$EntryIterator done
Event: 4.106 Thread 0x0000018d701e5b90 Thread added: 0x0000018d701e5b90
Event: 4.110 loading class java/security/NoSuchAlgorithmException
Event: 4.110 loading class java/security/NoSuchAlgorithmException done
Event: 4.111 loading class sun/security/provider/MD5
Event: 4.111 loading class sun/security/provider/MD5 done
Event: 4.111 loading class sun/security/provider/ByteArrayAccess$LE
Event: 4.111 loading class sun/security/provider/ByteArrayAccess$LE done


Dynamic libraries:
0x00007ff6eb500000 - 0x00007ff6eb50e000 	c:\Users\ayman\.vscode\extensions\redhat.java-1.8.0-win32-x64\jre\17.0.3-win32-x86_64\bin\java.exe
0x00007ffe0c730000 - 0x00007ffe0c926000 	C:\Windows\SYSTEM32\ntdll.dll
0x00007ffe0c3b0000 - 0x00007ffe0c46d000 	C:\Windows\System32\KERNEL32.DLL
0x00007ffe0a000000 - 0x00007ffe0a2c9000 	C:\Windows\System32\KERNELBASE.dll
0x00007ffe09ea0000 - 0x00007ffe09fa0000 	C:\Windows\System32\ucrtbase.dll
0x00007ffe05d80000 - 0x00007ffe05d98000 	c:\Users\ayman\.vscode\extensions\redhat.java-1.8.0-win32-x64\jre\17.0.3-win32-x86_64\bin\jli.dll
0x00007ffe05df0000 - 0x00007ffe05e09000 	c:\Users\ayman\.vscode\extensions\redhat.java-1.8.0-win32-x64\jre\17.0.3-win32-x86_64\bin\VCRUNTIME140.dll
0x00007ffe0be00000 - 0x00007ffe0bfa0000 	C:\Windows\System32\USER32.dll
0x00007ffe0a5b0000 - 0x00007ffe0a5d2000 	C:\Windows\System32\win32u.dll
0x00007ffe0c5a0000 - 0x00007ffe0c5ca000 	C:\Windows\System32\GDI32.dll
0x00007ffdf2c30000 - 0x00007ffdf2ecb000 	C:\Windows\WinSxS\amd64_microsoft.windows.common-controls_6595b64144ccf1df_6.0.19041.746_none_ca02b4b61b8320a4\COMCTL32.dll
0x00007ffe0a4a0000 - 0x00007ffe0a5ab000 	C:\Windows\System32\gdi32full.dll
0x00007ffe0bbf0000 - 0x00007ffe0bc8e000 	C:\Windows\System32\msvcrt.dll
0x00007ffe0a400000 - 0x00007ffe0a49d000 	C:\Windows\System32\msvcp_win.dll
0x00007ffe0aee0000 - 0x00007ffe0af10000 	C:\Windows\System32\IMM32.DLL
0x00007ffe05bb0000 - 0x00007ffe05bbc000 	c:\Users\ayman\.vscode\extensions\redhat.java-1.8.0-win32-x64\jre\17.0.3-win32-x86_64\bin\vcruntime140_1.dll
0x00007ffdbcc40000 - 0x00007ffdbccd1000 	c:\Users\ayman\.vscode\extensions\redhat.java-1.8.0-win32-x64\jre\17.0.3-win32-x86_64\bin\msvcp140.dll
0x00007ffdb2b90000 - 0x00007ffdb37d8000 	c:\Users\ayman\.vscode\extensions\redhat.java-1.8.0-win32-x64\jre\17.0.3-win32-x86_64\bin\server\jvm.dll
0x00007ffe0b5b0000 - 0x00007ffe0b65c000 	C:\Windows\System32\ADVAPI32.dll
0x00007ffe0c160000 - 0x00007ffe0c1fc000 	C:\Windows\System32\sechost.dll
0x00007ffe0b400000 - 0x00007ffe0b52b000 	C:\Windows\System32\RPCRT4.dll
0x00007ffe0b660000 - 0x00007ffe0b668000 	C:\Windows\System32\PSAPI.DLL
0x00007ffdf1af0000 - 0x00007ffdf1af9000 	C:\Windows\SYSTEM32\WSOCK32.dll
0x00007ffe0b540000 - 0x00007ffe0b5ab000 	C:\Windows\System32\WS2_32.dll
0x00007ffe01bb0000 - 0x00007ffe01bba000 	C:\Windows\SYSTEM32\VERSION.dll
0x00007ffdf5920000 - 0x00007ffdf5947000 	C:\Windows\SYSTEM32\WINMM.dll
0x00007ffe07d80000 - 0x00007ffe07d92000 	C:\Windows\SYSTEM32\kernel.appcore.dll
0x00007ffe05ba0000 - 0x00007ffe05baa000 	c:\Users\ayman\.vscode\extensions\redhat.java-1.8.0-win32-x64\jre\17.0.3-win32-x86_64\bin\jimage.dll
0x00007ffe01210000 - 0x00007ffe013f4000 	C:\Windows\SYSTEM32\DBGHELP.DLL
0x00007ffe01540000 - 0x00007ffe0156c000 	C:\Windows\SYSTEM32\dbgcore.DLL
0x00007ffe0a2d0000 - 0x00007ffe0a350000 	C:\Windows\System32\bcryptPrimitives.dll
0x00007ffde4010000 - 0x00007ffde4035000 	c:\Users\ayman\.vscode\extensions\redhat.java-1.8.0-win32-x64\jre\17.0.3-win32-x86_64\bin\java.dll
0x00007ffe03d40000 - 0x00007ffe03d58000 	c:\Users\ayman\.vscode\extensions\redhat.java-1.8.0-win32-x64\jre\17.0.3-win32-x86_64\bin\zip.dll
0x00007ffe0a790000 - 0x00007ffe0aed2000 	C:\Windows\System32\SHELL32.dll
0x00007ffe07f80000 - 0x00007ffe08710000 	C:\Windows\SYSTEM32\windows.storage.dll
0x00007ffe0b750000 - 0x00007ffe0baa6000 	C:\Windows\System32\combase.dll
0x00007ffe09730000 - 0x00007ffe0975c000 	C:\Windows\SYSTEM32\Wldp.dll
0x00007ffe0bc90000 - 0x00007ffe0bd3e000 	C:\Windows\System32\SHCORE.dll
0x00007ffe0c540000 - 0x00007ffe0c595000 	C:\Windows\System32\shlwapi.dll
0x00007ffe09da0000 - 0x00007ffe09dc6000 	C:\Windows\SYSTEM32\profapi.dll
0x00007ffdfad80000 - 0x00007ffdfad99000 	C:\Users\ayman\.vscode\extensions\redhat.java-1.8.0-win32-x64\jre\17.0.3-win32-x86_64\bin\net.dll
0x00007ffe00770000 - 0x00007ffe00870000 	C:\Windows\SYSTEM32\WINHTTP.dll
0x00007ffe09520000 - 0x00007ffe0958a000 	C:\Windows\system32\mswsock.dll
0x00007ffdf8130000 - 0x00007ffdf8145000 	C:\Users\ayman\.vscode\extensions\redhat.java-1.8.0-win32-x64\jre\17.0.3-win32-x86_64\bin\nio.dll
0x00007ffe058a0000 - 0x00007ffe058b0000 	c:\Users\ayman\.vscode\extensions\redhat.java-1.8.0-win32-x64\jre\17.0.3-win32-x86_64\bin\verify.dll
0x00007ffe03da0000 - 0x00007ffe03da9000 	C:\Users\ayman\.vscode\extensions\redhat.java-1.8.0-win32-x64\jre\17.0.3-win32-x86_64\bin\management.dll
0x00007ffe03c50000 - 0x00007ffe03c5b000 	C:\Users\ayman\.vscode\extensions\redhat.java-1.8.0-win32-x64\jre\17.0.3-win32-x86_64\bin\management_ext.dll
0x00007ffdf1680000 - 0x00007ffdf1697000 	C:\Windows\system32\napinsp.dll
0x00007ffdf1530000 - 0x00007ffdf154b000 	C:\Windows\system32\pnrpnsp.dll
0x00007ffe05280000 - 0x00007ffe05295000 	C:\Windows\system32\wshbth.dll
0x00007ffe02a30000 - 0x00007ffe02a4d000 	C:\Windows\system32\NLAapi.dll
0x00007ffe09230000 - 0x00007ffe0926b000 	C:\Windows\SYSTEM32\IPHLPAPI.DLL
0x00007ffe09270000 - 0x00007ffe0933b000 	C:\Windows\SYSTEM32\DNSAPI.dll
0x00007ffe0b530000 - 0x00007ffe0b538000 	C:\Windows\System32\NSI.dll
0x00007ffdf1510000 - 0x00007ffdf1522000 	C:\Windows\System32\winrnr.dll
0x00007ffe01b20000 - 0x00007ffe01b2a000 	C:\Windows\System32\rasadhlp.dll
0x00007ffdfab50000 - 0x00007ffdfabcf000 	C:\Windows\System32\fwpuclnt.dll
0x00007ffe09e70000 - 0x00007ffe09e97000 	C:\Windows\System32\bcrypt.dll
0x00007ffe09a60000 - 0x00007ffe09a78000 	C:\Windows\SYSTEM32\CRYPTSP.dll
0x00007ffe08ee0000 - 0x00007ffe08f14000 	C:\Windows\system32\rsaenh.dll
0x00007ffe09d60000 - 0x00007ffe09d8e000 	C:\Windows\SYSTEM32\USERENV.dll
0x00007ffe096a0000 - 0x00007ffe096ac000 	C:\Windows\SYSTEM32\CRYPTBASE.dll
0x00007ffe01f30000 - 0x00007ffe01f47000 	C:\Windows\SYSTEM32\dhcpcsvc6.DLL
0x00007ffe01f10000 - 0x00007ffe01f2d000 	C:\Windows\SYSTEM32\dhcpcsvc.DLL

dbghelp: loaded successfully - version: 4.0.5 - missing functions: none
symbol engine: initialized successfully - sym options: 0x614 - pdb path: .;c:\Users\ayman\.vscode\extensions\redhat.java-1.8.0-win32-x64\jre\17.0.3-win32-x86_64\bin;C:\Windows\SYSTEM32;C:\Windows\WinSxS\amd64_microsoft.windows.common-controls_6595b64144ccf1df_6.0.19041.746_none_ca02b4b61b8320a4;c:\Users\ayman\.vscode\extensions\redhat.java-1.8.0-win32-x64\jre\17.0.3-win32-x86_64\bin\server

VM Arguments:
jvm_args: --add-modules=ALL-SYSTEM --add-exports=jdk.compiler/com.sun.tools.javac.file=ALL-UNNAMED --add-exports=jdk.compiler/com.sun.tools.javac.util=ALL-UNNAMED --add-exports=jdk.compiler/com.sun.tools.javac.comp=ALL-UNNAMED --add-exports=jdk.compiler/com.sun.tools.javac.main=ALL-UNNAMED --add-exports=jdk.compiler/com.sun.tools.javac.tree=ALL-UNNAMED --add-exports=jdk.compiler/com.sun.tools.javac.code=ALL-UNNAMED -Dsts.lsp.client=vscode -Dsts.log.file=/dev/null -XX:TieredStopAtLevel=1 -Dspring.config.location=file:c:\Users\ayman\.vscode\extensions\pivotal.vscode-spring-boot-1.36.0\language-server\BOOT-INF\classes\application.properties 
java_command: org.springframework.ide.vscode.boot.app.BootLanguageServerBootApp
java_class_path (initial): c:\Users\ayman\.vscode\extensions\pivotal.vscode-spring-boot-1.36.0\language-server\BOOT-INF\classes;c:\Users\ayman\.vscode\extensions\pivotal.vscode-spring-boot-1.36.0\language-server\BOOT-INF\lib\annotations-23.0.0.jar;c:\Users\ayman\.vscode\extensions\pivotal.vscode-spring-boot-1.36.0\language-server\BOOT-INF\lib\antlr-runtime-3.5.2.jar;c:\Users\ayman\.vscode\extensions\pivotal.vscode-spring-boot-1.36.0\language-server\BOOT-INF\lib\antlr4-4.9.3.jar;c:\Users\ayman\.vscode\extensions\pivotal.vscode-spring-boot-1.36.0\language-server\BOOT-INF\lib\antlr4-runtime-4.9.3.jar;c:\Users\ayman\.vscode\extensions\pivotal.vscode-spring-boot-1.36.0\language-server\BOOT-INF\lib\asm-9.3.jar;c:\Users\ayman\.vscode\extensions\pivotal.vscode-spring-boot-1.36.0\language-server\BOOT-INF\lib\asm-analysis-9.3.jar;c:\Users\ayman\.vscode\extensions\pivotal.vscode-spring-boot-1.36.0\language-server\BOOT-INF\lib\asm-tree-9.3.jar;c:\Users\ayman\.vscode\extensions\pivotal.vscode-spring-boot-1.36.0\language-server\BOOT-INF\lib\asm-util-9.3.jar;c:\Users\ayman\.vscode\extensions\pivotal.vscode-spring-boot-1.36.0\language-server\BOOT-INF\lib\byte-buddy-1.10.18.jar;c:\Users\ayman\.vscode\extensions\pivotal.vscode-spring-boot-1.36.0\language-server\BOOT-INF\lib\caffeine-2.8.6.jar;c:\Users\ayman\.vscode\extensions\pivotal.vscode-spring-boot-1.36.0\language-server\BOOT-INF\lib\checker-qual-3.12.0.jar;c:\Users\ayman\.vscode\extensions\pivotal.vscode-spring-boot-1.36.0\language-server\BOOT-INF\lib\classgraph-4.8.146.jar;c:\Users\ayman\.vscode\extensions\pivotal.vscode-spring-boot-1.36.0\language-server\BOOT-INF\lib\commons-codec-1.14.jar;c:\Users\ayman\.vscode\extensions\pivotal.vscode-spring-boot-1.36.0\language-server\BOOT-INF\lib\commons-compress-1.21.jar;c:\Users\ayman\.vscode\extensions\pivotal.vscode-spring-boot-1.36.0\language-server\BOOT-INF\lib\commons-exec-1.3.jar;c:\Users\ayman\.vscode\extensions\pivotal.vscode-spring-boot-1.36.0\language-server\BOOT-INF\lib\com
Launcher Type: SUN_STANDARD

[Global flags]
     intx CICompilerCount                          = 4                                         {product} {ergonomic}
     uint ConcGCThreads                            = 2                                         {product} {ergonomic}
     uint G1ConcRefinementThreads                  = 8                                         {product} {ergonomic}
   size_t G1HeapRegionSize                         = 4194304                                   {product} {ergonomic}
    uintx GCDrainStackTargetSize                   = 64                                        {product} {ergonomic}
   size_t InitialHeapSize                          = 402653184                                 {product} {ergonomic}
   size_t MarkStackSize                            = 4194304                                   {product} {ergonomic}
   size_t MaxHeapSize                              = 6404702208                                {product} {ergonomic}
   size_t MaxNewSize                               = 3841982464                                {product} {ergonomic}
   size_t MinHeapDeltaBytes                        = 4194304                                   {product} {ergonomic}
   size_t MinHeapSize                              = 8388608                                   {product} {ergonomic}
    uintx NonProfiledCodeHeapSize                  = 0                                      {pd product} {ergonomic}
     bool ProfileInterpreter                       = false                                  {pd product} {command line}
    uintx ProfiledCodeHeapSize                     = 0                                      {pd product} {ergonomic}
   size_t SoftMaxHeapSize                          = 6404702208                             {manageable} {ergonomic}
     intx TieredStopAtLevel                        = 1                                         {product} {command line}
     bool UseCompressedClassPointers               = true                           {product lp64_product} {ergonomic}
     bool UseCompressedOops                        = true                           {product lp64_product} {ergonomic}
     bool UseG1GC                                  = true                                      {product} {ergonomic}
     bool UseLargePagesIndividualAllocation        = false                                  {pd product} {ergonomic}

Logging:
Log output configuration:
 #0: stdout all=warning uptime,level,tags
 #1: stderr all=off uptime,level,tags

Environment Variables:
JAVA_HOME=C:\Program Files\Java\jre6
PATH=F:\sources\WINDOWS.X64_193000_db_home\bin;C:\Oracle\DB12c\product\12.2.0\dbhome_1\bin;E:\app\ayman\product\12.2.0\client_1;F:\oraclexe\app\oracle\product\11.2.0\server\bin;F:\app\ayman\virtual\product\12.2.0\dbhome_1\bin;F:\FORMS_ORACLE_HOME\jdk\jre\bin\classic;F:\FORMS_ORACLE_HOME\jdk\jre\bin;F:\FORMS_ORACLE_HOME\jdk\jre\bin\client;F:\FORMS_ORACLE_HOME\jlib;F:\FORMS_ORACLE_HOME\bin;F:\FORMS_ORACLE_HOME\jre\1.4.2\bin\client;F:\FORMS_ORACLE_HOME\jre\1.4.2\bin;C:\oracle\db11g\product\11.2.0\dbhome_1\bin;C:\ProgramData\Oracle\Java\javapath;C:\WINDOWS\system32;C:\WINDOWS;C:\WINDOWS\System32\Wbem;C:\WINDOWS\System32\WindowsPowerShell\v1.0\;C:\Program Files\TortoiseSVN\bin;C:\Program Files\Git\cmd;C:\Program Files (x86)\Intel\OpenCL SDK\2.0\bin\x86;C:\Program Files (x86)\Intel\OpenCL SDK\2.0\bin\x64;C:\Program Files\Microsoft VS Code\bin;C:\Program Files\nodejs\;C:\WINDOWS\System32\OpenSSH\;C:\Program Files (x86)\Common Files\Acronis\SnapAPI\;C:\gradle-5.0-rc-5-bin\gradle-5.0-rc-5\bin;C:\Program Files (x86)\NVIDIA Corporation\PhysX\Common;C:\Program Files\NVIDIA Corporation\NVIDIA NvDLISR;C:\Program Files\Intel\WiFi\bin\;C:\Program Files\Common Files\Intel\WirelessCommon\;C:\Windows\system32;C:\Windows;C:\Windows\System32\Wbem;C:\Windows\System32\WindowsPowerShell\v1.0\;C:\Windows\System32\OpenSSH\;C:\Program Files\Amazon\AWSCLIV2\;C:\Program Files\Docker\Docker\resources\bin;C:\ProgramData\DockerDesktop\version-bin;C:\Program Files\Kubernetes\Minikube;C:\apache-ant-1.9.16\bin;C:\Users\ayman\AppData\Local\Microsoft\WindowsApps;C:\Program Files (x86)\Microsoft VS Code\bin;C:\Program Files\Git\bin;C:\Users\ayman\AppData\Roaming\npm;C:\Program Files\heroku\bin;C:\Program Files\Intel\WiFi\bin\;C:\Program Files\Common Files\Intel\WirelessCommon\;C:\Users\ayman\AppData\Local\GitHubDesktop\bin;;C:\Program Files\JetBrains\IntelliJ IDEA Community Edition 2022.1.1\bin;;C:\Program Files (x86)\Common Files\Acronis\TibMounter64
USERNAME=ayman
OS=Windows_NT
PROCESSOR_IDENTIFIER=Intel64 Family 6 Model 158 Stepping 13, GenuineIntel



---------------  S Y S T E M  ---------------

OS:
 Windows 10 , 64 bit Build 19041 (10.0.19041.804)
OS uptime: 8 days 1:08 hours
Hyper-V role detected

CPU: total 8 (initial active 8) (4 cores per cpu, 2 threads per core) family 6 model 158 stepping 13 microcode 0xb8, cx8, cmov, fxsr, ht, mmx, 3dnowpref, sse, sse2, sse3, ssse3, sse4.1, sse4.2, popcnt, lzcnt, tsc, tscinvbit, avx, avx2, aes, erms, clmul, bmi1, bmi2, adx, fma, vzeroupper, clflush, clflushopt, hv

Memory: 4k page, system-wide physical 24420M (3327M free)
TotalPageFile size 34660M (AvailPageFile size 146M)
current process WorkingSet (physical memory assigned to process): 582M, peak: 582M
current process commit charge ("private bytes"): 631M, peak: 1058M

vm_info: OpenJDK 64-Bit Server VM (17.0.3+7) for windows-amd64 JRE (17.0.3+7), built on Apr 19 2022 16:55:35 by "" with MS VC++ 16.7 (VS2019)

END.
